This is XeTeX, Version 3.141592653-2.6-0.999997 (TeX Live 2025) (preloaded format=xelatex 2025.5.5)  19 AUG 2025 19:09
entering extended mode
 restricted \write18 enabled.
 %&-line parsing enabled.
**_main.tex
(./_main.tex
LaTeX2e <2024-11-01> patch level 2
L3 programming layer <2025-04-14>
(/Users/clin/Library/TinyTeX/texmf-dist/tex/latex/base/book.cls
Document Class: book 2024/06/29 v1.4n Standard LaTeX document class
(/Users/clin/Library/TinyTeX/texmf-dist/tex/latex/base/bk10.clo
File: bk10.clo 2024/06/29 v1.4n Standard LaTeX file (size option)
)
\c@part=\count268
\c@chapter=\count269
\c@section=\count270
\c@subsection=\count271
\c@subsubsection=\count272
\c@paragraph=\count273
\c@subparagraph=\count274
\c@figure=\count275
\c@table=\count276
\abovecaptionskip=\skip49
\belowcaptionskip=\skip50
\bibindent=\dimen146
) (/Users/clin/Library/TinyTeX/texmf-dist/tex/latex/amsmath/amsmath.sty
Package: amsmath 2024/11/05 v2.17t AMS math features
\@mathmargin=\skip51
For additional information on amsmath, use the `?' option.
(/Users/clin/Library/TinyTeX/texmf-dist/tex/latex/amsmath/amstext.sty
Package: amstext 2021/08/26 v2.01 AMS text
(/Users/clin/Library/TinyTeX/texmf-dist/tex/latex/amsmath/amsgen.sty
File: amsgen.sty 1999/11/30 v2.0 generic functions
\@emptytoks=\toks17
\ex@=\dimen147
)) (/Users/clin/Library/TinyTeX/texmf-dist/tex/latex/amsmath/amsbsy.sty
Package: amsbsy 1999/11/29 v1.2d Bold Symbols
\pmbraise@=\dimen148
) (/Users/clin/Library/TinyTeX/texmf-dist/tex/latex/amsmath/amsopn.sty
Package: amsopn 2022/04/08 v2.04 operator names
)
\inf@bad=\count277
LaTeX Info: Redefining \frac on input line 233.
\uproot@=\count278
\leftroot@=\count279
LaTeX Info: Redefining \overline on input line 398.
LaTeX Info: Redefining \colon on input line 409.
\classnum@=\count280
\DOTSCASE@=\count281
LaTeX Info: Redefining \ldots on input line 495.
LaTeX Info: Redefining \dots on input line 498.
LaTeX Info: Redefining \cdots on input line 619.
\Mathstrutbox@=\box53
\strutbox@=\box54
LaTeX Info: Redefining \big on input line 721.
LaTeX Info: Redefining \Big on input line 722.
LaTeX Info: Redefining \bigg on input line 723.
LaTeX Info: Redefining \Bigg on input line 724.
\big@size=\dimen149
LaTeX Font Info:    Redeclaring font encoding OML on input line 742.
LaTeX Font Info:    Redeclaring font encoding OMS on input line 743.
\macc@depth=\count282
LaTeX Info: Redefining \bmod on input line 904.
LaTeX Info: Redefining \pmod on input line 909.
LaTeX Info: Redefining \smash on input line 939.
LaTeX Info: Redefining \relbar on input line 969.
LaTeX Info: Redefining \Relbar on input line 970.
\c@MaxMatrixCols=\count283
\dotsspace@=\muskip17
\c@parentequation=\count284
\dspbrk@lvl=\count285
\tag@help=\toks18
\row@=\count286
\column@=\count287
\maxfields@=\count288
\andhelp@=\toks19
\eqnshift@=\dimen150
\alignsep@=\dimen151
\tagshift@=\dimen152
\tagwidth@=\dimen153
\totwidth@=\dimen154
\lineht@=\dimen155
\@envbody=\toks20
\multlinegap=\skip52
\multlinetaggap=\skip53
\mathdisplay@stack=\toks21
LaTeX Info: Redefining \[ on input line 2953.
LaTeX Info: Redefining \] on input line 2954.
) (/Users/clin/Library/TinyTeX/texmf-dist/tex/latex/amsfonts/amssymb.sty
Package: amssymb 2013/01/14 v3.01 AMS font symbols
(/Users/clin/Library/TinyTeX/texmf-dist/tex/latex/amsfonts/amsfonts.sty
Package: amsfonts 2013/01/14 v3.01 Basic AMSFonts support
\symAMSa=\mathgroup4
\symAMSb=\mathgroup5
LaTeX Font Info:    Redeclaring math symbol \hbar on input line 98.
LaTeX Font Info:    Overwriting math alphabet `\mathfrak' in version `bold'
(Font)                  U/euf/m/n --> U/euf/b/n on input line 106.
)) (/Users/clin/Library/TinyTeX/texmf-dist/tex/generic/iftex/iftex.sty
Package: iftex 2024/12/12 v1.0g TeX engine tests
) (/Users/clin/Library/TinyTeX/texmf-dist/tex/latex/unicode-math/unicode-math.sty (/Users/clin/Library/TinyTeX/texmf-dist/tex/latex/l3kernel/expl3.sty
Package: expl3 2025-04-14 L3 programming layer (loader) 
(/Users/clin/Library/TinyTeX/texmf-dist/tex/latex/l3backend/l3backend-xetex.def
File: l3backend-xetex.def 2025-04-14 L3 backend support: XeTeX
\g__graphics_track_int=\count289
\g__pdfannot_backend_int=\count290
\g__pdfannot_backend_link_int=\count291
))
Package: unicode-math 2023/08/13 v0.8r Unicode maths in XeLaTeX and LuaLaTeX
(/Users/clin/Library/TinyTeX/texmf-dist/tex/latex/unicode-math/unicode-math-xetex.sty
Package: unicode-math-xetex 2023/08/13 v0.8r Unicode maths in XeLaTeX and LuaLaTeX
(/Users/clin/Library/TinyTeX/texmf-dist/tex/latex/l3packages/xparse/xparse.sty
Package: xparse 2024-08-16 L3 Experimental document command parser
) (/Users/clin/Library/TinyTeX/texmf-dist/tex/latex/l3packages/l3keys2e/l3keys2e.sty
Package: l3keys2e 2024-08-16 LaTeX2e option processing using LaTeX3 keys
) (/Users/clin/Library/TinyTeX/texmf-dist/tex/latex/fontspec/fontspec.sty
Package: fontspec 2024/05/11 v2.9e Font selection for XeLaTeX and LuaLaTeX
(/Users/clin/Library/TinyTeX/texmf-dist/tex/latex/fontspec/fontspec-xetex.sty
Package: fontspec-xetex 2024/05/11 v2.9e Font selection for XeLaTeX and LuaLaTeX
\l__fontspec_script_int=\count292
\l__fontspec_language_int=\count293
\l__fontspec_strnum_int=\count294
\l__fontspec_tmp_int=\count295
\l__fontspec_tmpa_int=\count296
\l__fontspec_tmpb_int=\count297
\l__fontspec_tmpc_int=\count298
\l__fontspec_em_int=\count299
\l__fontspec_emdef_int=\count300
\l__fontspec_strong_int=\count301
\l__fontspec_strongdef_int=\count302
\l__fontspec_tmpa_dim=\dimen156
\l__fontspec_tmpb_dim=\dimen157
\l__fontspec_tmpc_dim=\dimen158
(/Users/clin/Library/TinyTeX/texmf-dist/tex/latex/base/fontenc.sty
Package: fontenc 2021/04/29 v2.0v Standard LaTeX package
) (/Users/clin/Library/TinyTeX/texmf-dist/tex/latex/fontspec/fontspec.cfg))) (/Users/clin/Library/TinyTeX/texmf-dist/tex/latex/base/fix-cm.sty
Package: fix-cm 2020/11/24 v1.1t fixes to LaTeX
(/Users/clin/Library/TinyTeX/texmf-dist/tex/latex/base/ts1enc.def
File: ts1enc.def 2001/06/05 v3.0e (jk/car/fm) Standard LaTeX file
LaTeX Font Info:    Redeclaring font encoding TS1 on input line 47.
))
\g__um_fam_int=\count303
\g__um_fonts_used_int=\count304
\l__um_primecount_int=\count305
\g__um_primekern_muskip=\muskip18
(/Users/clin/Library/TinyTeX/texmf-dist/tex/latex/unicode-math/unicode-math-table.tex))) (/Users/clin/Library/TinyTeX/texmf-dist/tex/latex/lm/lmodern.sty
Package: lmodern 2015/05/01 v1.6.1 Latin Modern Fonts
LaTeX Font Info:    Overwriting symbol font `operators' in version `normal'
(Font)                  OT1/cmr/m/n --> OT1/lmr/m/n on input line 22.
LaTeX Font Info:    Overwriting symbol font `letters' in version `normal'
(Font)                  OML/cmm/m/it --> OML/lmm/m/it on input line 23.
LaTeX Font Info:    Overwriting symbol font `symbols' in version `normal'
(Font)                  OMS/cmsy/m/n --> OMS/lmsy/m/n on input line 24.
LaTeX Font Info:    Overwriting symbol font `largesymbols' in version `normal'
(Font)                  OMX/cmex/m/n --> OMX/lmex/m/n on input line 25.
LaTeX Font Info:    Overwriting symbol font `operators' in version `bold'
(Font)                  OT1/cmr/bx/n --> OT1/lmr/bx/n on input line 26.
LaTeX Font Info:    Overwriting symbol font `letters' in version `bold'
(Font)                  OML/cmm/b/it --> OML/lmm/b/it on input line 27.
LaTeX Font Info:    Overwriting symbol font `symbols' in version `bold'
(Font)                  OMS/cmsy/b/n --> OMS/lmsy/b/n on input line 28.
LaTeX Font Info:    Overwriting symbol font `largesymbols' in version `bold'
(Font)                  OMX/cmex/m/n --> OMX/lmex/m/n on input line 29.
LaTeX Font Info:    Overwriting math alphabet `\mathbf' in version `normal'
(Font)                  OT1/cmr/bx/n --> OT1/lmr/bx/n on input line 31.
LaTeX Font Info:    Overwriting math alphabet `\mathsf' in version `normal'
(Font)                  OT1/cmss/m/n --> OT1/lmss/m/n on input line 32.
LaTeX Font Info:    Overwriting math alphabet `\mathit' in version `normal'
(Font)                  OT1/cmr/m/it --> OT1/lmr/m/it on input line 33.
LaTeX Font Info:    Overwriting math alphabet `\mathtt' in version `normal'
(Font)                  OT1/cmtt/m/n --> OT1/lmtt/m/n on input line 34.
LaTeX Font Info:    Overwriting math alphabet `\mathbf' in version `bold'
(Font)                  OT1/cmr/bx/n --> OT1/lmr/bx/n on input line 35.
LaTeX Font Info:    Overwriting math alphabet `\mathsf' in version `bold'
(Font)                  OT1/cmss/bx/n --> OT1/lmss/bx/n on input line 36.
LaTeX Font Info:    Overwriting math alphabet `\mathit' in version `bold'
(Font)                  OT1/cmr/bx/it --> OT1/lmr/bx/it on input line 37.
LaTeX Font Info:    Overwriting math alphabet `\mathtt' in version `bold'
(Font)                  OT1/cmtt/m/n --> OT1/lmtt/m/n on input line 38.
) (/Users/clin/Library/TinyTeX/texmf-dist/tex/latex/xcolor/xcolor.sty
Package: xcolor 2024/09/29 v3.02 LaTeX color extensions (UK)
(/Users/clin/Library/TinyTeX/texmf-dist/tex/latex/graphics-cfg/color.cfg
File: color.cfg 2016/01/02 v1.6 sample color configuration
)
Package xcolor Info: Driver file: xetex.def on input line 274.
(/Users/clin/Library/TinyTeX/texmf-dist/tex/latex/graphics-def/xetex.def
File: xetex.def 2022/09/22 v5.0n Graphics/color driver for xetex
) (/Users/clin/Library/TinyTeX/texmf-dist/tex/latex/graphics/mathcolor.ltx)
Package xcolor Info: Model `cmy' substituted by `cmy0' on input line 1349.
Package xcolor Info: Model `RGB' extended on input line 1365.
Package xcolor Info: Model `HTML' substituted by `rgb' on input line 1367.
Package xcolor Info: Model `Hsb' substituted by `hsb' on input line 1368.
Package xcolor Info: Model `tHsb' substituted by `hsb' on input line 1369.
Package xcolor Info: Model `HSB' substituted by `hsb' on input line 1370.
Package xcolor Info: Model `Gray' substituted by `gray' on input line 1371.
Package xcolor Info: Model `wave' substituted by `hsb' on input line 1372.
) (/Users/clin/Library/TinyTeX/texmf-dist/tex/latex/fancyvrb/fancyvrb.sty
Package: fancyvrb 2024/01/20 4.5c verbatim text (tvz,hv)
(/Users/clin/Library/TinyTeX/texmf-dist/tex/latex/graphics/keyval.sty
Package: keyval 2022/05/29 v1.15 key=value parser (DPC)
\KV@toks@=\toks22
)
\FV@CodeLineNo=\count306
\FV@InFile=\read2
\FV@TabBox=\box55
\c@FancyVerbLine=\count307
\FV@StepNumber=\count308
\FV@OutFile=\write3
) (/Users/clin/Library/TinyTeX/texmf-dist/tex/latex/framed/framed.sty
Package: framed 2011/10/22 v 0.96: framed or shaded text with page breaks
\OuterFrameSep=\skip54
\fb@frw=\dimen159
\fb@frh=\dimen160
\FrameRule=\dimen161
\FrameSep=\dimen162
) (/Users/clin/Library/TinyTeX/texmf-dist/tex/latex/tools/longtable.sty
Package: longtable 2024-10-27 v4.22 Multi-page Table package (DPC)
\LTleft=\skip55
\LTright=\skip56
\LTpre=\skip57
\LTpost=\skip58
\LTchunksize=\count309
\LTcapwidth=\dimen163
\LT@head=\box56
\LT@firsthead=\box57
\LT@foot=\box58
\LT@lastfoot=\box59
\LT@gbox=\box60
\LT@cols=\count310
\LT@rows=\count311
\c@LT@tables=\count312
\c@LT@chunks=\count313
\LT@p@ftn=\toks23
) (/Users/clin/Library/TinyTeX/texmf-dist/tex/latex/booktabs/booktabs.sty
Package: booktabs 2020/01/12 v1.61803398 Publication quality tables
\heavyrulewidth=\dimen164
\lightrulewidth=\dimen165
\cmidrulewidth=\dimen166
\belowrulesep=\dimen167
\belowbottomsep=\dimen168
\aboverulesep=\dimen169
\abovetopsep=\dimen170
\cmidrulesep=\dimen171
\cmidrulekern=\dimen172
\defaultaddspace=\dimen173
\@cmidla=\count314
\@cmidlb=\count315
\@aboverulesep=\dimen174
\@belowrulesep=\dimen175
\@thisruleclass=\count316
\@lastruleclass=\count317
\@thisrulewidth=\dimen176
) (/Users/clin/Library/TinyTeX/texmf-dist/tex/latex/tools/array.sty
Package: array 2024/10/17 v2.6g Tabular extension package (FMi)
\col@sep=\dimen177
\ar@mcellbox=\box61
\extrarowheight=\dimen178
\NC@list=\toks24
\extratabsurround=\skip59
\backup@length=\skip60
\ar@cellbox=\box62
) (/Users/clin/Library/TinyTeX/texmf-dist/tex/latex/tools/calc.sty
Package: calc 2023/07/08 v4.3 Infix arithmetic (KKT,FJ)
\calc@Acount=\count318
\calc@Bcount=\count319
\calc@Adimen=\dimen179
\calc@Bdimen=\dimen180
\calc@Askip=\skip61
\calc@Bskip=\skip62
LaTeX Info: Redefining \setlength on input line 80.
LaTeX Info: Redefining \addtolength on input line 81.
\calc@Ccount=\count320
\calc@Cskip=\skip63
) (/Users/clin/Library/TinyTeX/texmf-dist/tex/latex/etoolbox/etoolbox.sty
Package: etoolbox 2025/02/11 v2.5l e-TeX tools for LaTeX (JAW)
\etb@tempcnta=\count321
) (/Users/clin/Library/TinyTeX/texmf-dist/tex/latex/mdwtools/footnote.sty
Package: footnote 1997/01/28 1.13 Save footnotes around boxes
\fn@notes=\box63
\fn@width=\dimen181
) (/Users/clin/Library/TinyTeX/texmf-dist/tex/latex/graphics/graphicx.sty
Package: graphicx 2021/09/16 v1.2d Enhanced LaTeX Graphics (DPC,SPQR)
(/Users/clin/Library/TinyTeX/texmf-dist/tex/latex/graphics/graphics.sty
Package: graphics 2024/08/06 v1.4g Standard LaTeX Graphics (DPC,SPQR)
(/Users/clin/Library/TinyTeX/texmf-dist/tex/latex/graphics/trig.sty
Package: trig 2023/12/02 v1.11 sin cos tan (DPC)
) (/Users/clin/Library/TinyTeX/texmf-dist/tex/latex/graphics-cfg/graphics.cfg
File: graphics.cfg 2016/06/04 v1.11 sample graphics configuration
)
Package graphics Info: Driver file: xetex.def on input line 106.
)
\Gin@req@height=\dimen182
\Gin@req@width=\dimen183
) (/Users/clin/Library/TinyTeX/texmf-dist/tex/latex/natbib/natbib.sty
Package: natbib 2010/09/13 8.31b (PWD, AO)
\bibhang=\skip64
\bibsep=\skip65
LaTeX Info: Redefining \cite on input line 694.
\c@NAT@ctr=\count322
) (/Users/clin/Library/TinyTeX/texmf-dist/tex/latex/bookmark/bookmark.sty
Package: bookmark 2023-12-10 v1.31 PDF bookmarks (HO)
(/Users/clin/Library/TinyTeX/texmf-dist/tex/latex/hyperref/hyperref.sty
Package: hyperref 2024-11-05 v7.01l Hypertext links for LaTeX
(/Users/clin/Library/TinyTeX/texmf-dist/tex/latex/kvsetkeys/kvsetkeys.sty
Package: kvsetkeys 2022-10-05 v1.19 Key value parser (HO)
) (/Users/clin/Library/TinyTeX/texmf-dist/tex/generic/kvdefinekeys/kvdefinekeys.sty
Package: kvdefinekeys 2019-12-19 v1.6 Define keys (HO)
) (/Users/clin/Library/TinyTeX/texmf-dist/tex/generic/pdfescape/pdfescape.sty
Package: pdfescape 2019/12/09 v1.15 Implements pdfTeX's escape features (HO)
(/Users/clin/Library/TinyTeX/texmf-dist/tex/generic/ltxcmds/ltxcmds.sty
Package: ltxcmds 2023-12-04 v1.26 LaTeX kernel commands for general use (HO)
) (/Users/clin/Library/TinyTeX/texmf-dist/tex/generic/pdftexcmds/pdftexcmds.sty
Package: pdftexcmds 2020-06-27 v0.33 Utility functions of pdfTeX for LuaTeX (HO)
(/Users/clin/Library/TinyTeX/texmf-dist/tex/generic/infwarerr/infwarerr.sty
Package: infwarerr 2019/12/03 v1.5 Providing info/warning/error messages (HO)
)
Package pdftexcmds Info: \pdf@primitive is available.
Package pdftexcmds Info: \pdf@ifprimitive is available.
Package pdftexcmds Info: \pdfdraftmode not found.
)) (/Users/clin/Library/TinyTeX/texmf-dist/tex/latex/hycolor/hycolor.sty
Package: hycolor 2020-01-27 v1.10 Color options for hyperref/bookmark (HO)
) (/Users/clin/Library/TinyTeX/texmf-dist/tex/latex/hyperref/nameref.sty
Package: nameref 2023-11-26 v2.56 Cross-referencing by name of section
(/Users/clin/Library/TinyTeX/texmf-dist/tex/latex/refcount/refcount.sty
Package: refcount 2019/12/15 v3.6 Data extraction from label references (HO)
) (/Users/clin/Library/TinyTeX/texmf-dist/tex/generic/gettitlestring/gettitlestring.sty
Package: gettitlestring 2019/12/15 v1.6 Cleanup title references (HO)
(/Users/clin/Library/TinyTeX/texmf-dist/tex/latex/kvoptions/kvoptions.sty
Package: kvoptions 2022-06-15 v3.15 Key value format for package options (HO)
))
\c@section@level=\count323
) (/Users/clin/Library/TinyTeX/texmf-dist/tex/generic/stringenc/stringenc.sty
Package: stringenc 2019/11/29 v1.12 Convert strings between diff. encodings (HO)
)
\@linkdim=\dimen184
\Hy@linkcounter=\count324
\Hy@pagecounter=\count325
(/Users/clin/Library/TinyTeX/texmf-dist/tex/latex/hyperref/pd1enc.def
File: pd1enc.def 2024-11-05 v7.01l Hyperref: PDFDocEncoding definition (HO)
) (/Users/clin/Library/TinyTeX/texmf-dist/tex/generic/intcalc/intcalc.sty
Package: intcalc 2019/12/15 v1.3 Expandable calculations with integers (HO)
)
\Hy@SavedSpaceFactor=\count326
(/Users/clin/Library/TinyTeX/texmf-dist/tex/latex/hyperref/puenc.def
File: puenc.def 2024-11-05 v7.01l Hyperref: PDF Unicode definition (HO)
)
Package hyperref Info: Option `unicode' set `true' on input line 4040.
Package hyperref Info: Hyper figures OFF on input line 4157.
Package hyperref Info: Link nesting OFF on input line 4162.
Package hyperref Info: Hyper index ON on input line 4165.
Package hyperref Info: Plain pages OFF on input line 4172.
Package hyperref Info: Backreferencing OFF on input line 4177.
Package hyperref Info: Implicit mode ON; LaTeX internals redefined.
Package hyperref Info: Bookmarks ON on input line 4424.
\c@Hy@tempcnt=\count327
(/Users/clin/Library/TinyTeX/texmf-dist/tex/latex/url/url.sty
\Urlmuskip=\muskip19
Package: url 2013/09/16  ver 3.4  Verb mode for urls, etc.
)
LaTeX Info: Redefining \url on input line 4763.
\XeTeXLinkMargin=\dimen185
(/Users/clin/Library/TinyTeX/texmf-dist/tex/generic/bitset/bitset.sty
Package: bitset 2019/12/09 v1.3 Handle bit-vector datatype (HO)
(/Users/clin/Library/TinyTeX/texmf-dist/tex/generic/bigintcalc/bigintcalc.sty
Package: bigintcalc 2019/12/15 v1.5 Expandable calculations on big integers (HO)
))
\Fld@menulength=\count328
\Field@Width=\dimen186
\Fld@charsize=\dimen187
Package hyperref Info: Hyper figures OFF on input line 6042.
Package hyperref Info: Link nesting OFF on input line 6047.
Package hyperref Info: Hyper index ON on input line 6050.
Package hyperref Info: backreferencing OFF on input line 6057.
Package hyperref Info: Link coloring OFF on input line 6062.
Package hyperref Info: Link coloring with OCG OFF on input line 6067.
Package hyperref Info: PDF/A mode OFF on input line 6072.
(/Users/clin/Library/TinyTeX/texmf-dist/tex/latex/base/atbegshi-ltx.sty
Package: atbegshi-ltx 2021/01/10 v1.0c Emulation of the original atbegshi
package with kernel methods
)
\Hy@abspage=\count329
\c@Item=\count330
\c@Hfootnote=\count331
)
Package hyperref Info: Driver (autodetected): hxetex.
(/Users/clin/Library/TinyTeX/texmf-dist/tex/latex/hyperref/hxetex.def
File: hxetex.def 2024-11-05 v7.01l Hyperref driver for XeTeX
\pdfm@box=\box64
\c@Hy@AnnotLevel=\count332
\HyField@AnnotCount=\count333
\Fld@listcount=\count334
\c@bookmark@seq@number=\count335
(/Users/clin/Library/TinyTeX/texmf-dist/tex/latex/rerunfilecheck/rerunfilecheck.sty
Package: rerunfilecheck 2022-07-10 v1.10 Rerun checks for auxiliary files (HO)
(/Users/clin/Library/TinyTeX/texmf-dist/tex/latex/base/atveryend-ltx.sty
Package: atveryend-ltx 2020/08/19 v1.0a Emulation of the original atveryend package
with kernel methods
) (/Users/clin/Library/TinyTeX/texmf-dist/tex/generic/uniquecounter/uniquecounter.sty
Package: uniquecounter 2019/12/15 v1.4 Provide unlimited unique counter (HO)
)
Package uniquecounter Info: New unique counter `rerunfilecheck' on input line 285.
)
\Hy@SectionHShift=\skip66
) (/Users/clin/Library/TinyTeX/texmf-dist/tex/latex/bookmark/bkm-dvipdfm.def
File: bkm-dvipdfm.def 2023-12-10 v1.31 bookmark driver for dvipdfm (HO)
\BKM@id=\count336
))
No file _main.aux.
\openout1 = `_main.aux'.

LaTeX Font Info:    Checking defaults for OML/cmm/m/it on input line 149.
LaTeX Font Info:    ... okay on input line 149.
LaTeX Font Info:    Checking defaults for OMS/cmsy/m/n on input line 149.
LaTeX Font Info:    ... okay on input line 149.
LaTeX Font Info:    Checking defaults for OT1/cmr/m/n on input line 149.
LaTeX Font Info:    ... okay on input line 149.
LaTeX Font Info:    Checking defaults for T1/cmr/m/n on input line 149.
LaTeX Font Info:    ... okay on input line 149.
LaTeX Font Info:    Checking defaults for TS1/cmr/m/n on input line 149.
LaTeX Font Info:    ... okay on input line 149.
LaTeX Font Info:    Checking defaults for TU/lmr/m/n on input line 149.
LaTeX Font Info:    ... okay on input line 149.
LaTeX Font Info:    Checking defaults for OMX/cmex/m/n on input line 149.
LaTeX Font Info:    ... okay on input line 149.
LaTeX Font Info:    Checking defaults for U/cmr/m/n on input line 149.
LaTeX Font Info:    ... okay on input line 149.
LaTeX Font Info:    Checking defaults for PD1/pdf/m/n on input line 149.
LaTeX Font Info:    ... okay on input line 149.
LaTeX Font Info:    Checking defaults for PU/pdf/m/n on input line 149.
LaTeX Font Info:    ... okay on input line 149.
LaTeX Font Info:    Overwriting math alphabet `\mathrm' in version `normal'
(Font)                  OT1/lmr/m/n --> TU/lmr/m/n on input line 149.
LaTeX Font Info:    Overwriting math alphabet `\mathit' in version `normal'
(Font)                  OT1/lmr/m/it --> TU/lmr/m/it on input line 149.
LaTeX Font Info:    Overwriting math alphabet `\mathbf' in version `normal'
(Font)                  OT1/lmr/bx/n --> TU/lmr/bx/n on input line 149.
LaTeX Font Info:    Overwriting math alphabet `\mathsf' in version `normal'
(Font)                  OT1/lmss/m/n --> TU/lmss/m/n on input line 149.
LaTeX Font Info:    Overwriting math alphabet `\mathsf' in version `bold'
(Font)                  OT1/lmss/bx/n --> TU/lmss/bx/n on input line 149.
LaTeX Font Info:    Overwriting math alphabet `\mathtt' in version `normal'
(Font)                  OT1/lmtt/m/n --> TU/lmtt/m/n on input line 149.
LaTeX Font Info:    Overwriting math alphabet `\mathtt' in version `bold'
(Font)                  OT1/lmtt/m/n --> TU/lmtt/bx/n on input line 149.

Package fontspec Info: 
(fontspec)             latinmodern-math scale = 0.9999964596882403.


Package fontspec Info: 
(fontspec)             latinmodern-math scale = 0.9999964596882403.


Package fontspec Info: 
(fontspec)             latinmodern-math scale = 0.9999964596882403.


Package fontspec Info: 
(fontspec)             Font family 'latinmodern-math.otf(0)' created for font
(fontspec)             'latinmodern-math.otf' with options
(fontspec)             [Scale=MatchLowercase,BoldItalicFont={},ItalicFont={},SmallCapsFont={},Script=Math,BoldFont={latinmodern-math.otf}].
(fontspec)              
(fontspec)              This font family consists of the following NFSS
(fontspec)             series/shapes:
(fontspec)              
(fontspec)             - 'normal' (m/n) with NFSS spec.:
(fontspec)             <->s*[0.9999964596882403]"[latinmodern-math.otf]/OT:script=math;language=dflt;"
(fontspec)             - 'bold' (b/n) with NFSS spec.:
(fontspec)             <->s*[0.9999964596882403]"[latinmodern-math.otf]/OT:script=math;language=dflt;"

LaTeX Font Info:    Font shape `TU/latinmodern-math.otf(0)/m/n' will be
(Font)              scaled to size 10.0pt on input line 149.

Package fontspec Info: 
(fontspec)             latinmodern-math scale = 0.9999964596882403.


Package fontspec Info: 
(fontspec)             latinmodern-math scale = 0.9999964596882403.


Package fontspec Info: 
(fontspec)             latinmodern-math scale = 0.9999964596882403.


Package fontspec Info: 
(fontspec)             latinmodern-math scale = 0.9999964596882403.


Package fontspec Info: 
(fontspec)             latinmodern-math scale = 0.9999964596882403.


Package fontspec Info: 
(fontspec)             Font family 'latinmodern-math.otf(1)' created for font
(fontspec)             'latinmodern-math.otf' with options
(fontspec)             [Scale=MatchLowercase,BoldItalicFont={},ItalicFont={},SmallCapsFont={},Script=Math,SizeFeatures={{Size=8.5-},{Size=6-8.5,Font=latinmodern-math.otf,Style=MathScript},{Size=-6,Font=latinmodern-math.otf,Style=MathScriptScript}},BoldFont={latinmodern-math.otf}].
(fontspec)              
(fontspec)              This font family consists of the following NFSS
(fontspec)             series/shapes:
(fontspec)              
(fontspec)             - 'normal' (m/n) with NFSS spec.:
(fontspec)             <8.5->s*[0.9999964596882403]"[latinmodern-math.otf]/OT:script=math;language=dflt;"<6-8.5>s*[0.9999964596882403]"[latinmodern-math.otf]/OT:script=math;language=dflt;+ssty=0;"<-6>s*[0.9999964596882403]"[latinmodern-math.otf]/OT:script=math;language=dflt;+ssty=1;"
(fontspec)             - 'bold' (b/n) with NFSS spec.:
(fontspec)             <->s*[0.9999964596882403]"[latinmodern-math.otf]/OT:script=math;language=dflt;"

LaTeX Font Info:    Font shape `TU/latinmodern-math.otf(1)/m/n' will be
(Font)              scaled to size 10.0pt on input line 149.
LaTeX Font Info:    Encoding `OT1' has changed to `TU' for symbol font
(Font)              `operators' in the math version `normal' on input line 149.
LaTeX Font Info:    Overwriting symbol font `operators' in version `normal'
(Font)                  OT1/lmr/m/n --> TU/latinmodern-math.otf(1)/m/n on input line 149.
LaTeX Font Info:    Encoding `OT1' has changed to `TU' for symbol font
(Font)              `operators' in the math version `bold' on input line 149.
LaTeX Font Info:    Overwriting symbol font `operators' in version `bold'
(Font)                  OT1/lmr/bx/n --> TU/latinmodern-math.otf(1)/b/n on input line 149.

Package fontspec Info: 
(fontspec)             latinmodern-math scale = 0.9999964596882403.


Package fontspec Info: 
(fontspec)             latinmodern-math scale = 1.000096459334209.


Package fontspec Info: 
(fontspec)             latinmodern-math scale = 0.9999964596882403.


Package fontspec Info: 
(fontspec)             latinmodern-math scale = 1.000096459334209.


Package fontspec Info: 
(fontspec)             latinmodern-math scale = 0.9999964596882403.


Package fontspec Info: 
(fontspec)             latinmodern-math scale = 1.000096459334209.


Package fontspec Info: 
(fontspec)             latinmodern-math scale = 0.9999964596882403.


Package fontspec Info: 
(fontspec)             latinmodern-math scale = 1.000096459334209.


Package fontspec Info: 
(fontspec)             latinmodern-math scale = 0.9999964596882403.


Package fontspec Info: 
(fontspec)             latinmodern-math scale = 1.000096459334209.


Package fontspec Info: 
(fontspec)             Font family 'latinmodern-math.otf(2)' created for font
(fontspec)             'latinmodern-math.otf' with options
(fontspec)             [Scale=MatchLowercase,BoldItalicFont={},ItalicFont={},SmallCapsFont={},Script=Math,SizeFeatures={{Size=8.5-},{Size=6-8.5,Font=latinmodern-math.otf,Style=MathScript},{Size=-6,Font=latinmodern-math.otf,Style=MathScriptScript}},BoldFont={latinmodern-math.otf},ScaleAgain=1.0001,FontAdjustment={\fontdimen
(fontspec)             8\font =6.77pt\relax \fontdimen 9\font =3.94pt\relax
(fontspec)             \fontdimen 10\font =4.44pt\relax \fontdimen 11\font
(fontspec)             =6.86pt\relax \fontdimen 12\font =3.45pt\relax
(fontspec)             \fontdimen 13\font =3.63pt\relax \fontdimen 14\font
(fontspec)             =3.63pt\relax \fontdimen 15\font =2.89pt\relax
(fontspec)             \fontdimen 16\font =2.47pt\relax \fontdimen 17\font
(fontspec)             =2.47pt\relax \fontdimen 18\font =2.5pt\relax
(fontspec)             \fontdimen 19\font =2.0pt\relax \fontdimen 22\font
(fontspec)             =2.5pt\relax \fontdimen 20\font =0pt\relax \fontdimen
(fontspec)             21\font =0pt\relax }].
(fontspec)              
(fontspec)              This font family consists of the following NFSS
(fontspec)             series/shapes:
(fontspec)              
(fontspec)             - 'normal' (m/n) with NFSS spec.:
(fontspec)             <8.5->s*[1.000096459334209]"[latinmodern-math.otf]/OT:script=math;language=dflt;"<6-8.5>s*[1.000096459334209]"[latinmodern-math.otf]/OT:script=math;language=dflt;+ssty=0;"<-6>s*[1.000096459334209]"[latinmodern-math.otf]/OT:script=math;language=dflt;+ssty=1;"
(fontspec)             - 'bold' (b/n) with NFSS spec.:
(fontspec)             <->s*[1.000096459334209]"[latinmodern-math.otf]/OT:script=math;language=dflt;"

LaTeX Font Info:    Encoding `OMS' has changed to `TU' for symbol font
(Font)              `symbols' in the math version `normal' on input line 149.
LaTeX Font Info:    Overwriting symbol font `symbols' in version `normal'
(Font)                  OMS/lmsy/m/n --> TU/latinmodern-math.otf(2)/m/n on input line 149.
LaTeX Font Info:    Encoding `OMS' has changed to `TU' for symbol font
(Font)              `symbols' in the math version `bold' on input line 149.
LaTeX Font Info:    Overwriting symbol font `symbols' in version `bold'
(Font)                  OMS/lmsy/b/n --> TU/latinmodern-math.otf(2)/b/n on input line 149.

Package fontspec Info: 
(fontspec)             latinmodern-math scale = 0.9999964596882403.


Package fontspec Info: 
(fontspec)             latinmodern-math scale = 0.9998964600422715.


Package fontspec Info: 
(fontspec)             latinmodern-math scale = 0.9999964596882403.


Package fontspec Info: 
(fontspec)             latinmodern-math scale = 0.9998964600422715.


Package fontspec Info: 
(fontspec)             latinmodern-math scale = 0.9999964596882403.


Package fontspec Info: 
(fontspec)             latinmodern-math scale = 0.9998964600422715.


Package fontspec Info: 
(fontspec)             latinmodern-math scale = 0.9999964596882403.


Package fontspec Info: 
(fontspec)             latinmodern-math scale = 0.9998964600422715.


Package fontspec Info: 
(fontspec)             latinmodern-math scale = 0.9999964596882403.


Package fontspec Info: 
(fontspec)             latinmodern-math scale = 0.9998964600422715.


Package fontspec Info: 
(fontspec)             Font family 'latinmodern-math.otf(3)' created for font
(fontspec)             'latinmodern-math.otf' with options
(fontspec)             [Scale=MatchLowercase,BoldItalicFont={},ItalicFont={},SmallCapsFont={},Script=Math,SizeFeatures={{Size=8.5-},{Size=6-8.5,Font=latinmodern-math.otf,Style=MathScript},{Size=-6,Font=latinmodern-math.otf,Style=MathScriptScript}},BoldFont={latinmodern-math.otf},ScaleAgain=0.9999,FontAdjustment={\fontdimen
(fontspec)             8\font =0.4pt\relax \fontdimen 9\font =2.0pt\relax
(fontspec)             \fontdimen 10\font =1.67pt\relax \fontdimen 11\font
(fontspec)             =1.11pt\relax \fontdimen 12\font =6.0pt\relax
(fontspec)             \fontdimen 13\font =0pt\relax }].
(fontspec)              
(fontspec)              This font family consists of the following NFSS
(fontspec)             series/shapes:
(fontspec)              
(fontspec)             - 'normal' (m/n) with NFSS spec.:
(fontspec)             <8.5->s*[0.9998964600422715]"[latinmodern-math.otf]/OT:script=math;language=dflt;"<6-8.5>s*[0.9998964600422715]"[latinmodern-math.otf]/OT:script=math;language=dflt;+ssty=0;"<-6>s*[0.9998964600422715]"[latinmodern-math.otf]/OT:script=math;language=dflt;+ssty=1;"
(fontspec)             - 'bold' (b/n) with NFSS spec.:
(fontspec)             <->s*[0.9998964600422715]"[latinmodern-math.otf]/OT:script=math;language=dflt;"

LaTeX Font Info:    Encoding `OMX' has changed to `TU' for symbol font
(Font)              `largesymbols' in the math version `normal' on input line 149.
LaTeX Font Info:    Overwriting symbol font `largesymbols' in version `normal'
(Font)                  OMX/lmex/m/n --> TU/latinmodern-math.otf(3)/m/n on input line 149.
LaTeX Font Info:    Encoding `OMX' has changed to `TU' for symbol font
(Font)              `largesymbols' in the math version `bold' on input line 149.
LaTeX Font Info:    Overwriting symbol font `largesymbols' in version `bold'
(Font)                  OMX/lmex/m/n --> TU/latinmodern-math.otf(3)/b/n on input line 149.
Package hyperref Info: Link coloring OFF on input line 149.

Package hyperref Warning: Rerun to get /PageLabels entry.

LaTeX Font Info:    Font shape `TU/latinmodern-math.otf(1)/m/n' will be
(Font)              scaled to size 12.0pt on input line 151.
LaTeX Font Info:    Font shape `TU/latinmodern-math.otf(1)/m/n' will be
(Font)              scaled to size 8.0pt on input line 151.
LaTeX Font Info:    Font shape `TU/latinmodern-math.otf(1)/m/n' will be
(Font)              scaled to size 6.0pt on input line 151.
LaTeX Font Info:    Trying to load font information for OML+lmm on input line 151.
(/Users/clin/Library/TinyTeX/texmf-dist/tex/latex/lm/omllmm.fd
File: omllmm.fd 2015/05/01 v1.6.1 Font defs for Latin Modern
)
LaTeX Font Info:    Font shape `TU/latinmodern-math.otf(2)/m/n' will be
(Font)              scaled to size 12.0011pt on input line 151.
LaTeX Font Info:    Font shape `TU/latinmodern-math.otf(2)/m/n' will be
(Font)              scaled to size 8.00073pt on input line 151.
LaTeX Font Info:    Font shape `TU/latinmodern-math.otf(2)/m/n' will be
(Font)              scaled to size 6.00055pt on input line 151.
LaTeX Font Info:    Font shape `TU/latinmodern-math.otf(3)/m/n' will be
(Font)              scaled to size 11.99872pt on input line 151.
LaTeX Font Info:    Font shape `TU/latinmodern-math.otf(3)/m/n' will be
(Font)              scaled to size 7.99915pt on input line 151.
LaTeX Font Info:    Font shape `TU/latinmodern-math.otf(3)/m/n' will be
(Font)              scaled to size 5.99936pt on input line 151.
LaTeX Font Info:    Trying to load font information for U+msa on input line 151.
(/Users/clin/Library/TinyTeX/texmf-dist/tex/latex/amsfonts/umsa.fd
File: umsa.fd 2013/01/14 v3.01 AMS symbols A
)
LaTeX Font Info:    Trying to load font information for U+msb on input line 151.
(/Users/clin/Library/TinyTeX/texmf-dist/tex/latex/amsfonts/umsb.fd
File: umsb.fd 2013/01/14 v3.01 AMS symbols B
)
Overfull \hbox (192.28406pt too wide) in paragraph at lines 151--151
 [][] 
 []



[1


]

[2

]
No file _main.toc.
\tf@toc=\write4
\openout4 = `_main.toc'.



[3]

[4

]

[5]

[6]
Chapter 1.

Overfull \hbox (1.6941pt too wide) in paragraph at lines 171--172
[]\TU/lmr/m/n/10 Time 
 []


Overfull \hbox (8.3741pt too wide) in paragraph at lines 171--172
\TU/lmr/m/n/10 (EDT)  
 []


Overfull \hbox (1.6941pt too wide) in paragraph at lines 175--176
[]\TU/lmr/m/n/10 Time 
 []


Overfull \hbox (8.3741pt too wide) in paragraph at lines 175--176
\TU/lmr/m/n/10 (EDT)  
 []


Overfull \hbox (1.7041pt too wide) in paragraph at lines 185--185
[]|\TU/lmr/m/n/10 10:00|  
 []


Overfull \hbox (1.7041pt too wide) in paragraph at lines 186--186
[]|\TU/lmr/m/n/10 10:30|  
 []


Overfull \hbox (1.7041pt too wide) in paragraph at lines 186--186
[]|\TU/lmr/m/n/10 10:30|  
 []


Overfull \hbox (1.7041pt too wide) in paragraph at lines 187--187
[]|\TU/lmr/m/n/10 11:00|  
 []


Overfull \hbox (1.7041pt too wide) in paragraph at lines 187--187
[]|\TU/lmr/m/n/10 12:30|  
 []


Overfull \hbox (1.7041pt too wide) in paragraph at lines 188--188
[]|\TU/lmr/m/n/10 13:00|  
 []


Overfull \hbox (1.7041pt too wide) in paragraph at lines 188--188
[]|\TU/lmr/m/n/10 13:30|  
 []


Overfull \hbox (1.7041pt too wide) in paragraph at lines 189--189
[]|\TU/lmr/m/n/10 14:00|  
 []


Overfull \hbox (1.7041pt too wide) in paragraph at lines 189--189
[]|\TU/lmr/m/n/10 14:30|  
 []


Overfull \hbox (1.7041pt too wide) in paragraph at lines 190--190
[]|\TU/lmr/m/n/10 15:00|  
 []


Overfull \hbox (1.7041pt too wide) in paragraph at lines 190--190
[]|\TU/lmr/m/n/10 15:00|  
 []


Overfull \hbox (1.7041pt too wide) in paragraph at lines 191--191
[]|\TU/lmr/m/n/10 15:30|  
 []


Overfull \hbox (1.7041pt too wide) in paragraph at lines 191--191
[]|\TU/lmr/m/n/10 17:00|  
 []


Overfull \hbox (1.7041pt too wide) in paragraph at lines 192--192
[]|\TU/lmr/m/n/10 17:30|  
 []


Overfull \hbox (1.7041pt too wide) in paragraph at lines 192--192
[]|\TU/lmr/m/n/10 17:30|  
 []

[7

]

[8]
Chapter 2.


[9

]
LaTeX Font Info:    Font shape `TU/latinmodern-math.otf(1)/m/n' will be
(Font)              scaled to size 7.0pt on input line 244.
LaTeX Font Info:    Font shape `TU/latinmodern-math.otf(1)/m/n' will be
(Font)              scaled to size 5.0pt on input line 244.
LaTeX Font Info:    Font shape `TU/latinmodern-math.otf(2)/m/n' will be
(Font)              scaled to size 10.00092pt on input line 244.
LaTeX Font Info:    Font shape `TU/latinmodern-math.otf(2)/m/n' will be
(Font)              scaled to size 7.00064pt on input line 244.
LaTeX Font Info:    Font shape `TU/latinmodern-math.otf(2)/m/n' will be
(Font)              scaled to size 5.00046pt on input line 244.
LaTeX Font Info:    Font shape `TU/latinmodern-math.otf(3)/m/n' will be
(Font)              scaled to size 9.99893pt on input line 244.
LaTeX Font Info:    Font shape `TU/latinmodern-math.otf(3)/m/n' will be
(Font)              scaled to size 6.99925pt on input line 244.
LaTeX Font Info:    Font shape `TU/latinmodern-math.otf(3)/m/n' will be
(Font)              scaled to size 4.99947pt on input line 244.


[10]
Chapter 3.


[11

]

[12

]

[13]

[14]
Chapter 4.
File: content-files/module-1-lecture.pdf Graphic file (type pdf)
<use content-files/module-1-lecture.pdf>

Underfull \hbox (badness 10000) in paragraph at lines 264--265

 []


Underfull \vbox (badness 10000) has occurred while \output is active []



[15

]
LaTeX Font Info:    Font shape `TU/lmtt/bx/n' in size <12> not available
(Font)              Font shape `TU/lmtt/b/n' tried instead on input line 279.
LaTeX Font Info:    Font shape `TU/lmtt/bx/n' in size <10> not available
(Font)              Font shape `TU/lmtt/b/n' tried instead on input line 288.

Overfull \hbox (180.0pt too wide) in paragraph at lines 311--311
[]\TU/lmtt/m/n/10 ##  $ ID : Factor w/ 147 levels "1415787_at","1415904_at",..: 111 88 93 74 138 103 46 114 112 24 ...[] 
 []


Overfull \hbox (38.25pt too wide) in paragraph at lines 311--311
[]\TU/lmtt/m/n/10 ##  $ FC : Factor w/ 9 levels "ECM/Receptors",..: 3 8 6 6 1 3 1 6 5 6 ...[] 
 []




Overfull \hbox (45.41956pt too wide) has occurred while \output is active
\TU/lmr/m/n/10 16 \TU/lmr/m/sl/10 CHAPTER 4.  MODULE 1: EXPLORATORY DATA ANALYSIS AND CLUSTERING
 []

[16]
Overfull \hbox (27.75pt too wide) in paragraph at lines 336--336
[]\TU/lmtt/m/n/10 ##             ID       M1       M2       M3      NC1      NC2      NC3[] 
 []


Overfull \hbox (27.75pt too wide) in paragraph at lines 336--336
[]\TU/lmtt/m/n/10 ## 1   1448995_at 4.706812 4.528291 4.325836 5.568435 6.915079 7.353144[] 
 []


Overfull \hbox (27.75pt too wide) in paragraph at lines 336--336
[]\TU/lmtt/m/n/10 ## 2 1436392_s_at 3.867962 4.052354 3.474651 4.995836 5.056199 5.183585[] 
 []


Overfull \hbox (27.75pt too wide) in paragraph at lines 336--336
[]\TU/lmtt/m/n/10 ## 3 1437434_a_at 2.875112 3.379619 3.239800 3.877053 4.459629 4.850978[] 
 []


Overfull \hbox (27.75pt too wide) in paragraph at lines 336--336
[]\TU/lmtt/m/n/10 ## 4   1428922_at 5.326943 5.498930 5.629814 6.795194 6.535522 6.622577[] 
 []


Overfull \hbox (27.75pt too wide) in paragraph at lines 336--336
[]\TU/lmtt/m/n/10 ## 5 1452671_s_at 5.370125 4.546810 5.704810 6.407555 6.310487 6.195847[] 
 []


Overfull \hbox (27.75pt too wide) in paragraph at lines 336--336
[]\TU/lmtt/m/n/10 ## 6   1448147_at 3.471347 4.129992 3.964431 4.474737 5.185631 5.177967[] 
 []


Overfull \hbox (1.5pt too wide) in paragraph at lines 363--363
[]\TU/lmtt/m/n/10 ##  1415787_at:  1   Min.   :2.352   Min.   :2.139   Min.   :2.500[] 
 []


Overfull \hbox (1.5pt too wide) in paragraph at lines 363--363
[]\TU/lmtt/m/n/10 ##  1415904_at:  1   1st Qu.:4.188   1st Qu.:4.151   1st Qu.:4.207[] 
 []


Overfull \hbox (1.5pt too wide) in paragraph at lines 363--363
[]\TU/lmtt/m/n/10 ##  1415993_at:  1   Median :4.994   Median :5.043   Median :5.054[] 
 []


Overfull \hbox (1.5pt too wide) in paragraph at lines 363--363
[]\TU/lmtt/m/n/10 ##  1416164_at:  1   Mean   :5.166   Mean   :5.140   Mean   :5.231[] 
 []


Overfull \hbox (1.5pt too wide) in paragraph at lines 363--363
[]\TU/lmtt/m/n/10 ##  1416181_at:  1   3rd Qu.:6.147   3rd Qu.:6.015   3rd Qu.:6.129[] 
 []


Overfull \hbox (1.5pt too wide) in paragraph at lines 363--363
[]\TU/lmtt/m/n/10 ##  1416221_at:  1   Max.   :9.282   Max.   :9.273   Max.   :9.228[] 
 []


Overfull \hbox (48.75pt too wide) in paragraph at lines 363--363
[]\TU/lmtt/m/n/10 ##       NC1             NC2             NC3                             FC[] 
 []


Overfull \hbox (59.25pt too wide) in paragraph at lines 363--363
[]\TU/lmtt/m/n/10 ##  Min.   :2.100   Min.   :1.996   Min.   :2.125   EST                   :31[] 
 []


Overfull \hbox (59.25pt too wide) in paragraph at lines 363--363
[]\TU/lmtt/m/n/10 ##  1st Qu.:4.174   1st Qu.:4.136   1st Qu.:4.293   Transcription factor  :28[] 
 []


Overfull \hbox (59.25pt too wide) in paragraph at lines 363--363
[]\TU/lmtt/m/n/10 ##  Median :4.996   Median :5.056   Median :4.974   Miscellaneous         :25[] 
 []


Overfull \hbox (59.25pt too wide) in paragraph at lines 363--363
[]\TU/lmtt/m/n/10 ##  Mean   :5.120   Mean   :5.134   Mean   :5.118   ECM/Receptors         :16[] 
 []


Overfull \hbox (59.25pt too wide) in paragraph at lines 363--363
[]\TU/lmtt/m/n/10 ##  3rd Qu.:5.860   3rd Qu.:5.920   3rd Qu.:5.826   Growth/Differentiation:16[] 
 []


Overfull \hbox (59.25pt too wide) in paragraph at lines 363--363
[]\TU/lmtt/m/n/10 ##  Max.   :8.905   Max.   :8.954   Max.   :9.251   Unknown               :10[] 
 []


Overfull \hbox (59.25pt too wide) in paragraph at lines 363--363
[]\TU/lmtt/m/n/10 ##                                                  (Other)               :21[] 
 []



[17]
Overfull \hbox (27.75pt too wide) in paragraph at lines 381--381
[]\TU/lmtt/m/n/10 ##          ECM/Receptors                    EST Growth/Differentiation[] 
 []


Overfull \hbox (27.75pt too wide) in paragraph at lines 381--381
[]\TU/lmtt/m/n/10 ##                     16                     31                     16[] 
 []


Overfull \hbox (27.75pt too wide) in paragraph at lines 381--381
[]\TU/lmtt/m/n/10 ##   Kinases/Phosphatases             Metabolism          Miscellaneous[] 
 []


Overfull \hbox (27.75pt too wide) in paragraph at lines 381--381
[]\TU/lmtt/m/n/10 ##                      7                      8                     25[] 
 []


Overfull \hbox (27.75pt too wide) in paragraph at lines 381--381
[]\TU/lmtt/m/n/10 ##         Stress-induced   Transcription factor                Unknown[] 
 []


Overfull \hbox (27.75pt too wide) in paragraph at lines 381--381
[]\TU/lmtt/m/n/10 ##                      6                     28                     10[] 
 []

File: _main_files/figure-latex/unnamed-chunk-8-1.pdf Graphic file (type pdf)
<use _main_files/figure-latex/unnamed-chunk-8-1.pdf>

Underfull \vbox (badness 1603) has occurred while \output is active []




Overfull \hbox (45.41956pt too wide) has occurred while \output is active
\TU/lmr/m/n/10 18 \TU/lmr/m/sl/10 CHAPTER 4.  MODULE 1: EXPLORATORY DATA ANALYSIS AND CLUSTERING
 []

[18]

[19]
File: _main_files/figure-latex/unnamed-chunk-9-1.pdf Graphic file (type pdf)
<use _main_files/figure-latex/unnamed-chunk-9-1.pdf>



Overfull \hbox (45.41956pt too wide) has occurred while \output is active
\TU/lmr/m/n/10 20 \TU/lmr/m/sl/10 CHAPTER 4.  MODULE 1: EXPLORATORY DATA ANALYSIS AND CLUSTERING
 []

[20]
File: _main_files/figure-latex/unnamed-chunk-12-1.pdf Graphic file (type pdf)
<use _main_files/figure-latex/unnamed-chunk-12-1.pdf>
File: _main_files/figure-latex/unnamed-chunk-13-1.pdf Graphic file (type pdf)
<use _main_files/figure-latex/unnamed-chunk-13-1.pdf>

Underfull \vbox (badness 10000) has occurred while \output is active []



[21]


Overfull \hbox (45.41956pt too wide) has occurred while \output is active
\TU/lmr/m/n/10 22 \TU/lmr/m/sl/10 CHAPTER 4.  MODULE 1: EXPLORATORY DATA ANALYSIS AND CLUSTERING
 []

[22]
File: _main_files/figure-latex/unnamed-chunk-18-1.pdf Graphic file (type pdf)
<use _main_files/figure-latex/unnamed-chunk-18-1.pdf>

Overfull \hbox (59.25pt too wide) in paragraph at lines 579--579
[]\TU/lmtt/m/n/10 ##  [1] "bladderbatch" "Biobase"      "BiocGenerics" "corrplot"     "clValid"[] 
 []


Overfull \hbox (48.75pt too wide) in paragraph at lines 579--579
[]\TU/lmtt/m/n/10 ##  [6] "cluster"      "stats"        "graphics"     "grDevices"    "utils"[] 
 []



[23]
File: _main_files/figure-latex/bladder-hclust-1.pdf Graphic file (type pdf)
<use _main_files/figure-latex/bladder-hclust-1.pdf>



Overfull \hbox (45.41956pt too wide) has occurred while \output is active
\TU/lmr/m/n/10 24 \TU/lmr/m/sl/10 CHAPTER 4.  MODULE 1: EXPLORATORY DATA ANALYSIS AND CLUSTERING
 []

[24]
File: _main_files/figure-latex/heatmap-bladder1-1.pdf Graphic file (type pdf)
<use _main_files/figure-latex/heatmap-bladder1-1.pdf>


[25]
File: _main_files/figure-latex/heatmap-bladder2-1.pdf Graphic file (type pdf)
<use _main_files/figure-latex/heatmap-bladder2-1.pdf>



Overfull \hbox (45.41956pt too wide) has occurred while \output is active
\TU/lmr/m/n/10 26 \TU/lmr/m/sl/10 CHAPTER 4.  MODULE 1: EXPLORATORY DATA ANALYSIS AND CLUSTERING
 []

[26]
Overfull \hbox (85.5pt too wide) in paragraph at lines 722--722
[]\TU/lmtt/m/n/10 ##   1   2   3   4   5   6   7   8   9  10  11  12  13  14  15  16  17  18  19  20[] 
 []


Overfull \hbox (85.5pt too wide) in paragraph at lines 722--722
[]\TU/lmtt/m/n/10 ##   2   1   1   2   2   1   2   2   2   1   3   1   2   3   1   2   3   3   1   2[] 
 []


Overfull \hbox (85.5pt too wide) in paragraph at lines 722--722
[]\TU/lmtt/m/n/10 ##  21  22  23  24  25  26  27  28  29  30  31  32  33  34  35  36  37  38  39  40[] 
 []


Overfull \hbox (85.5pt too wide) in paragraph at lines 722--722
[]\TU/lmtt/m/n/10 ##   2   2   1   1   1   1   3   2   1   2   2   3   1   2   2   1   1   1   2   1[] 
 []


Overfull \hbox (85.5pt too wide) in paragraph at lines 722--722
[]\TU/lmtt/m/n/10 ##  41  42  43  44  45  46  47  48  49  50  51  52  53  54  55  56  57  58  59  60[] 
 []


Overfull \hbox (85.5pt too wide) in paragraph at lines 722--722
[]\TU/lmtt/m/n/10 ##   2   3   3   1   1   3   1   1   1   1   2   1   3   3   2   2   1   1   2   1[] 
 []


Overfull \hbox (85.5pt too wide) in paragraph at lines 722--722
[]\TU/lmtt/m/n/10 ##  61  62  63  64  65  66  67  68  69  70  71  72  73  74  75  76  77  78  79  80[] 
 []


Overfull \hbox (85.5pt too wide) in paragraph at lines 722--722
[]\TU/lmtt/m/n/10 ##   1   3   2   1   2   1   2   3   2   1   2   2   2   2   2   3   1   1   2   3[] 
 []


Overfull \hbox (85.5pt too wide) in paragraph at lines 722--722
[]\TU/lmtt/m/n/10 ##  81  82  83  84  85  86  87  88  89  90  91  92  93  94  95  96  97  98  99 100[] 
 []


Overfull \hbox (85.5pt too wide) in paragraph at lines 722--722
[]\TU/lmtt/m/n/10 ##   2   3   1   2   2   1   3   2   1   2   1   1   1   1   1   1   1   2   1   2[] 
 []


Overfull \hbox (85.5pt too wide) in paragraph at lines 722--722
[]\TU/lmtt/m/n/10 ## 101 102 103 104 105 106 107 108 109 110 111 112 113 114 115 116 117 118 119 120[] 
 []


Overfull \hbox (85.5pt too wide) in paragraph at lines 722--722
[]\TU/lmtt/m/n/10 ##   1   2   1   1   1   1   3   2   1   2   2   1   2   2   2   2   3   3   1   2[] 
 []


Overfull \hbox (85.5pt too wide) in paragraph at lines 722--722
[]\TU/lmtt/m/n/10 ## 121 122 123 124 125 126 127 128 129 130 131 132 133 134 135 136 137 138 139 140[] 
 []


Overfull \hbox (85.5pt too wide) in paragraph at lines 722--722
[]\TU/lmtt/m/n/10 ##   2   2   3   1   2   2   2   1   2   2   2   2   2   1   1   1   1   1   1   2[] 
 []


Overfull \hbox (80.25pt too wide) in paragraph at lines 722--722
[]\TU/lmtt/m/n/10 ## [1] "cluster"      "centers"      "totss"        "withinss"     "tot.withinss"[] 
 []



[27]
Overfull \hbox (17.25pt too wide) in paragraph at lines 781--781
[]\TU/lmtt/m/n/10 ##                                  2       3       4       5       6[] 
 []


Overfull \hbox (17.25pt too wide) in paragraph at lines 781--781
[]\TU/lmtt/m/n/10 ## hierarchical Connectivity   5.3270 14.2528 20.7520 27.0726 30.6194[] 
 []


Overfull \hbox (17.25pt too wide) in paragraph at lines 781--781
[]\TU/lmtt/m/n/10 ##              Dunn           0.1291  0.0788  0.0857  0.0899  0.0899[] 
 []


Overfull \hbox (17.25pt too wide) in paragraph at lines 781--781
[]\TU/lmtt/m/n/10 ##              Silhouette     0.5133  0.4195  0.3700  0.3343  0.3233[] 
 []


Overfull \hbox (17.25pt too wide) in paragraph at lines 781--781
[]\TU/lmtt/m/n/10 ## kmeans       Connectivity  13.2548 17.6651 37.3980 43.2655 50.6095[] 
 []


Overfull \hbox (17.25pt too wide) in paragraph at lines 781--781
[]\TU/lmtt/m/n/10 ##              Dunn           0.0464  0.0873  0.0777  0.0815  0.0703[] 
 []


Overfull \hbox (17.25pt too wide) in paragraph at lines 781--781
[]\TU/lmtt/m/n/10 ##              Silhouette     0.4571  0.4182  0.3615  0.3367  0.3207[] 
 []




Overfull \hbox (45.41956pt too wide) has occurred while \output is active
\TU/lmr/m/n/10 28 \TU/lmr/m/sl/10 CHAPTER 4.  MODULE 1: EXPLORATORY DATA ANALYSIS AND CLUSTERING
 []

[28]
File: _main_files/figure-latex/unnamed-chunk-26-1.pdf Graphic file (type pdf)
<use _main_files/figure-latex/unnamed-chunk-26-1.pdf>


[29]
File: _main_files/figure-latex/unnamed-chunk-30-1.pdf Graphic file (type pdf)
<use _main_files/figure-latex/unnamed-chunk-30-1.pdf>

Underfull \vbox (badness 10000) has occurred while \output is active []




Overfull \hbox (45.41956pt too wide) has occurred while \output is active
\TU/lmr/m/n/10 30 \TU/lmr/m/sl/10 CHAPTER 4.  MODULE 1: EXPLORATORY DATA ANALYSIS AND CLUSTERING
 []

[30]
File: _main_files/figure-latex/unnamed-chunk-32-1.pdf Graphic file (type pdf)
<use _main_files/figure-latex/unnamed-chunk-32-1.pdf>

Underfull \vbox (badness 10000) has occurred while \output is active []



[31]
File: _main_files/figure-latex/unnamed-chunk-32-2.pdf Graphic file (type pdf)
<use _main_files/figure-latex/unnamed-chunk-32-2.pdf>

Underfull \vbox (badness 10000) has occurred while \output is active []




Overfull \hbox (45.41956pt too wide) has occurred while \output is active
\TU/lmr/m/n/10 32 \TU/lmr/m/sl/10 CHAPTER 4.  MODULE 1: EXPLORATORY DATA ANALYSIS AND CLUSTERING
 []

[32]
File: _main_files/figure-latex/unnamed-chunk-32-3.pdf Graphic file (type pdf)
<use _main_files/figure-latex/unnamed-chunk-32-3.pdf>

Underfull \vbox (badness 10000) has occurred while \output is active []



[33]
File: _main_files/figure-latex/unnamed-chunk-33-1.pdf Graphic file (type pdf)
<use _main_files/figure-latex/unnamed-chunk-33-1.pdf>

Underfull \vbox (badness 10000) has occurred while \output is active []




Overfull \hbox (45.41956pt too wide) has occurred while \output is active
\TU/lmr/m/n/10 34 \TU/lmr/m/sl/10 CHAPTER 4.  MODULE 1: EXPLORATORY DATA ANALYSIS AND CLUSTERING
 []

[34]
File: _main_files/figure-latex/unnamed-chunk-34-1.pdf Graphic file (type pdf)
<use _main_files/figure-latex/unnamed-chunk-34-1.pdf>

Underfull \vbox (badness 10000) has occurred while \output is active []



[35]


Overfull \hbox (45.41956pt too wide) has occurred while \output is active
\TU/lmr/m/n/10 36 \TU/lmr/m/sl/10 CHAPTER 4.  MODULE 1: EXPLORATORY DATA ANALYSIS AND CLUSTERING
 []

[36]
Chapter 5.
File: content-files/module-2-lecture.pdf Graphic file (type pdf)
<use content-files/module-2-lecture.pdf>

Underfull \hbox (badness 10000) in paragraph at lines 975--976

 []



[37

]

[38]
Overfull \hbox (1.5pt too wide) in paragraph at lines 1082--1082
[]\TU/lmtt/m/n/10 ##  $ rotation: num [1:147, 1:6] 0.218 0.128 0.127 0.111 0.101 ...[] 
 []



[39]
Overfull \hbox (27.75pt too wide) in paragraph at lines 1095--1095
[]\TU/lmtt/m/n/10 ## [1] 5.576793e+00 1.764207e+00 1.582710e+00 7.576131e-01 6.668424e-01[] 
 []


Overfull \hbox (59.25pt too wide) in paragraph at lines 1113--1113
[]\TU/lmtt/m/n/10 ##         PC1         PC2         PC3         PC4          PC5           PC6[] 
 []


Overfull \hbox (59.25pt too wide) in paragraph at lines 1113--1113
[]\TU/lmtt/m/n/10 ## 1 0.2175336 -0.09843120  0.24646637 -0.18360970 -0.004759212 -0.1282942645[] 
 []


Overfull \hbox (59.25pt too wide) in paragraph at lines 1113--1113
[]\TU/lmtt/m/n/10 ## 2 0.1277130 -0.05971284 -0.05865888 -0.04302434  0.069398716  0.0190233560[] 
 []


Overfull \hbox (59.25pt too wide) in paragraph at lines 1113--1113
[]\TU/lmtt/m/n/10 ## 3 0.1274181 -0.06356995  0.12354321  0.18188678 -0.083764114  0.0646766982[] 
 []


Overfull \hbox (59.25pt too wide) in paragraph at lines 1113--1113
[]\TU/lmtt/m/n/10 ## 4 0.1113816  0.07285611 -0.05940135  0.14861908  0.016695673 -0.0008885424[] 
 []


Overfull \hbox (59.25pt too wide) in paragraph at lines 1113--1113
[]\TU/lmtt/m/n/10 ## 5 0.1010094  0.24317614  0.03484815 -0.06467411  0.047649021 -0.0883151388[] 
 []


Overfull \hbox (59.25pt too wide) in paragraph at lines 1113--1113
[]\TU/lmtt/m/n/10 ## 6 0.1125121 -0.05572681  0.08624863  0.17407046 -0.264955100  0.0373735665[] 
 []


Overfull \hbox (43.5pt too wide) in paragraph at lines 1164--1164
[]\TU/lmtt/m/n/10 ##        1        2        3        4        5        6        7        8[] 
 []


Overfull \hbox (43.5pt too wide) in paragraph at lines 1164--1164
[]\TU/lmtt/m/n/10 ## 5.566266 4.438431 3.780365 6.068163 5.755939 4.400684 5.160500 5.683933[] 
 []


Overfull \hbox (43.5pt too wide) in paragraph at lines 1164--1164
[]\TU/lmtt/m/n/10 ##        9       10       11       12       13       14       15       16[] 
 []


Overfull \hbox (43.5pt too wide) in paragraph at lines 1164--1164
[]\TU/lmtt/m/n/10 ## 5.021818 3.586855 7.078354 4.669260 5.831477 8.181517 4.614013 5.382728[] 
 []


Overfull \hbox (43.5pt too wide) in paragraph at lines 1164--1164
[]\TU/lmtt/m/n/10 ##       17       18       19       20       21       22       23       24[] 
 []


Overfull \hbox (43.5pt too wide) in paragraph at lines 1164--1164
[]\TU/lmtt/m/n/10 ## 7.529027 7.313685 4.547701 5.290136 5.187301 6.013839 3.985299 3.642647[] 
 []


Overfull \hbox (43.5pt too wide) in paragraph at lines 1164--1164
[]\TU/lmtt/m/n/10 ##       25       26       27       28       29       30       31       32[] 
 []


Overfull \hbox (43.5pt too wide) in paragraph at lines 1164--1164
[]\TU/lmtt/m/n/10 ## 4.154045 4.674278 8.505242 4.899224 3.882938 4.964233 5.587100 8.420071[] 
 []


Overfull \hbox (43.5pt too wide) in paragraph at lines 1164--1164
[]\TU/lmtt/m/n/10 ##       33       34       35       36       37       38       39       40[] 
 []


Overfull \hbox (43.5pt too wide) in paragraph at lines 1164--1164
[]\TU/lmtt/m/n/10 ## 4.668532 5.571026 5.341486 4.246074 4.603076 3.906143 5.290324 3.205139[] 
 []


Overfull \hbox (43.5pt too wide) in paragraph at lines 1164--1164
[]\TU/lmtt/m/n/10 ##       41       42       43       44       45       46       47       48[] 
 []


Overfull \hbox (43.5pt too wide) in paragraph at lines 1164--1164
[]\TU/lmtt/m/n/10 ## 5.501723 6.599761 7.957662 4.147284 2.674647 7.029644 4.297315 3.550112[] 
 []


Overfull \hbox (43.5pt too wide) in paragraph at lines 1164--1164
[]\TU/lmtt/m/n/10 ##       49       50       51       52       53       54       55       56[] 
 []


Overfull \hbox (43.5pt too wide) in paragraph at lines 1164--1164
[]\TU/lmtt/m/n/10 ## 4.440525 4.440604 5.233737 4.589023 6.559673 7.563419 5.203153 5.563289[] 
 []


Overfull \hbox (43.5pt too wide) in paragraph at lines 1164--1164
[]\TU/lmtt/m/n/10 ##       57       58       59       60       61       62       63       64[] 
 []



[40]
Overfull \hbox (43.5pt too wide) in paragraph at lines 1164--1164
[]\TU/lmtt/m/n/10 ## 4.172330 4.363869 5.816609 4.678070 4.538479 8.210925 5.701295 4.330346[] 
 []


Overfull \hbox (43.5pt too wide) in paragraph at lines 1164--1164
[]\TU/lmtt/m/n/10 ##       65       66       67       68       69       70       71       72[] 
 []


Overfull \hbox (43.5pt too wide) in paragraph at lines 1164--1164
[]\TU/lmtt/m/n/10 ## 5.057213 3.462456 6.015641 7.096558 5.494757 2.779979 5.011157 6.460525[] 
 []


Overfull \hbox (43.5pt too wide) in paragraph at lines 1164--1164
[]\TU/lmtt/m/n/10 ##       73       74       75       76       77       78       79       80[] 
 []


Overfull \hbox (43.5pt too wide) in paragraph at lines 1164--1164
[]\TU/lmtt/m/n/10 ## 5.065625 6.057910 5.358162 7.126652 3.547180 3.157770 5.342622 7.277169[] 
 []


Overfull \hbox (43.5pt too wide) in paragraph at lines 1164--1164
[]\TU/lmtt/m/n/10 ##       81       82       83       84       85       86       87       88[] 
 []


Overfull \hbox (43.5pt too wide) in paragraph at lines 1164--1164
[]\TU/lmtt/m/n/10 ## 6.229511 8.134572 3.942388 5.476810 6.147777 2.856113 6.580211 5.616440[] 
 []


Overfull \hbox (43.5pt too wide) in paragraph at lines 1164--1164
[]\TU/lmtt/m/n/10 ##       89       90       91       92       93       94       95       96[] 
 []


Overfull \hbox (43.5pt too wide) in paragraph at lines 1164--1164
[]\TU/lmtt/m/n/10 ## 4.708294 5.244003 2.387781 3.769301 4.025543 3.968695 3.848995 4.564350[] 
 []


Overfull \hbox (43.5pt too wide) in paragraph at lines 1164--1164
[]\TU/lmtt/m/n/10 ##       97       98       99      100      101      102      103      104[] 
 []


Overfull \hbox (43.5pt too wide) in paragraph at lines 1164--1164
[]\TU/lmtt/m/n/10 ## 4.546153 4.840263 4.257428 6.249407 3.007570 5.067437 4.271637 4.436552[] 
 []


Overfull \hbox (43.5pt too wide) in paragraph at lines 1164--1164
[]\TU/lmtt/m/n/10 ##      105      106      107      108      109      110      111      112[] 
 []


Overfull \hbox (43.5pt too wide) in paragraph at lines 1164--1164
[]\TU/lmtt/m/n/10 ## 4.231309 3.973251 6.599789 4.837524 4.322573 4.867455 5.161541 3.307676[] 
 []


Overfull \hbox (43.5pt too wide) in paragraph at lines 1164--1164
[]\TU/lmtt/m/n/10 ##      113      114      115      116      117      118      119      120[] 
 []


Overfull \hbox (43.5pt too wide) in paragraph at lines 1164--1164
[]\TU/lmtt/m/n/10 ## 6.143019 5.071244 6.177220 4.827735 7.376264 7.533733 4.374265 5.183771[] 
 []


Overfull \hbox (43.5pt too wide) in paragraph at lines 1164--1164
[]\TU/lmtt/m/n/10 ##      121      122      123      124      125      126      127      128[] 
 []


Overfull \hbox (43.5pt too wide) in paragraph at lines 1164--1164
[]\TU/lmtt/m/n/10 ## 5.625725 5.976763 8.844863 4.056325 5.954586 4.811972 4.748867 4.025010[] 
 []


Overfull \hbox (43.5pt too wide) in paragraph at lines 1164--1164
[]\TU/lmtt/m/n/10 ##      129      130      131      132      133      134      135      136[] 
 []


Overfull \hbox (43.5pt too wide) in paragraph at lines 1164--1164
[]\TU/lmtt/m/n/10 ## 5.284776 5.388265 5.895763 6.181208 6.034146 3.303646 3.136626 3.336961[] 
 []


Overfull \hbox (43.5pt too wide) in paragraph at lines 1164--1164
[]\TU/lmtt/m/n/10 ##      137      138      139      140      141      142      143      144[] 
 []


Overfull \hbox (43.5pt too wide) in paragraph at lines 1164--1164
[]\TU/lmtt/m/n/10 ## 4.592918 3.190322 3.742253 5.845806 5.574498 3.444501 5.058708 6.899120[] 
 []


Overfull \hbox (43.5pt too wide) in paragraph at lines 1203--1203
[]\TU/lmtt/m/n/10 ##           PC1         PC2        PC3        PC4        PC5          PC6[] 
 []


Overfull \hbox (43.5pt too wide) in paragraph at lines 1203--1203
[]\TU/lmtt/m/n/10 ## M1  -5.091712  0.07170858  0.1415984 -1.2149422  0.5781693 6.039314e-15[] 
 []



[41]
Overfull \hbox (43.5pt too wide) in paragraph at lines 1203--1203
[]\TU/lmtt/m/n/10 ## M2  -4.463273 -2.78279960 -1.0114746  0.5067161 -0.2847184 5.893565e-15[] 
 []


Overfull \hbox (43.5pt too wide) in paragraph at lines 1203--1203
[]\TU/lmtt/m/n/10 ## M3  -5.560192  2.16495377  1.2469598  0.6895931 -0.3109790 5.855662e-15[] 
 []


Overfull \hbox (43.5pt too wide) in paragraph at lines 1203--1203
[]\TU/lmtt/m/n/10 ## NC1  3.781742  1.47081980 -2.5212675  0.2858078  0.3841018 6.158759e-15[] 
 []


Overfull \hbox (43.5pt too wide) in paragraph at lines 1203--1203
[]\TU/lmtt/m/n/10 ## NC2  5.338015  0.05493898  0.2748255 -0.6551843 -1.0483358 6.282292e-15[] 
 []


Overfull \hbox (43.5pt too wide) in paragraph at lines 1203--1203
[]\TU/lmtt/m/n/10 ## NC3  5.995420 -0.97962153  1.8693583  0.3880095  0.6817622 5.522265e-15[] 
 []


Overfull \hbox (43.5pt too wide) in paragraph at lines 1219--1219
[]\TU/lmtt/m/n/10 ##                           PC1     PC2     PC3     PC4     PC5       PC6[] 
 []


Overfull \hbox (43.5pt too wide) in paragraph at lines 1219--1219
[]\TU/lmtt/m/n/10 ## Standard deviation     5.5768 1.76421 1.58271 0.75761 0.66684 6.513e-15[] 
 []


Overfull \hbox (43.5pt too wide) in paragraph at lines 1219--1219
[]\TU/lmtt/m/n/10 ## Proportion of Variance 0.8242 0.08248 0.06638 0.01521 0.01178 0.000e+00[] 
 []


Overfull \hbox (43.5pt too wide) in paragraph at lines 1219--1219
[]\TU/lmtt/m/n/10 ## Cumulative Proportion  0.8242 0.90663 0.97301 0.98822 1.00000 1.000e+00[] 
 []


Overfull \hbox (27.75pt too wide) in paragraph at lines 1236--1236
[]\TU/lmtt/m/n/10 ## [1] 8.241484e-01 8.247748e-02 6.638030e-02 1.521008e-02 1.178373e-02[] 
 []



[42]
File: _main_files/figure-latex/unnamed-chunk-45-1.pdf Graphic file (type pdf)
<use _main_files/figure-latex/unnamed-chunk-45-1.pdf>


[43]
File: _main_files/figure-latex/unnamed-chunk-47-1.pdf Graphic file (type pdf)
<use _main_files/figure-latex/unnamed-chunk-47-1.pdf>

Underfull \vbox (badness 10000) has occurred while \output is active []



[44]

[45]
File: _main_files/figure-latex/unnamed-chunk-49-1.pdf Graphic file (type pdf)
<use _main_files/figure-latex/unnamed-chunk-49-1.pdf>


[46]
File: _main_files/figure-latex/unnamed-chunk-50-1.pdf Graphic file (type pdf)
<use _main_files/figure-latex/unnamed-chunk-50-1.pdf>
File: _main_files/figure-latex/unnamed-chunk-51-1.pdf Graphic file (type pdf)
<use _main_files/figure-latex/unnamed-chunk-51-1.pdf>

Underfull \vbox (badness 7451) has occurred while \output is active []



[47]
Underfull \hbox (badness 10000) in paragraph at lines 1357--1357
[]\TU/lmr/bx/n/12 t-Distributed Stochastic Neighbor Embedding
 []



[48]

LaTeX Font Warning: Font shape `TU/lmtt/bx/it' in size <10> not available
(Font)              Font shape `TU/lmtt/b/sl' tried instead on input line 1368.

File: _main_files/figure-latex/unnamed-chunk-52-1.pdf Graphic file (type pdf)
<use _main_files/figure-latex/unnamed-chunk-52-1.pdf>


[49]
File: _main_files/figure-latex/unnamed-chunk-54-1.pdf Graphic file (type pdf)
<use _main_files/figure-latex/unnamed-chunk-54-1.pdf>

Underfull \vbox (badness 10000) has occurred while \output is active []



[50]

[51]
Overfull \hbox (22.5pt too wide) in paragraph at lines 1490--1490
[]\TU/lmtt/m/n/10 ##  $ data  : num [1:150, 1:4] 5.1 4.9 4.7 4.6 5 5.4 4.6 5 4.4 4.9 ...[] 
 []


Overfull \hbox (80.25pt too wide) in paragraph at lines 1490--1490
[]\TU/lmtt/m/n/10 ##   .. ..$ : chr [1:4] "Sepal.Length" "Sepal.Width" "Petal.Length" "Petal.Width"[] 
 []



[52]
File: _main_files/figure-latex/unnamed-chunk-56-1.pdf Graphic file (type pdf)
<use _main_files/figure-latex/unnamed-chunk-56-1.pdf>


[53]
File: _main_files/figure-latex/unnamed-chunk-58-1.pdf Graphic file (type pdf)
<use _main_files/figure-latex/unnamed-chunk-58-1.pdf>
File: _main_files/figure-latex/unnamed-chunk-58-2.pdf Graphic file (type pdf)
<use _main_files/figure-latex/unnamed-chunk-58-2.pdf>

Underfull \vbox (badness 10000) has occurred while \output is active []



[54]

[55]
File: _main_files/figure-latex/unnamed-chunk-60-1.pdf Graphic file (type pdf)
<use _main_files/figure-latex/unnamed-chunk-60-1.pdf>


[56]
File: _main_files/figure-latex/unnamed-chunk-61-1.pdf Graphic file (type pdf)
<use _main_files/figure-latex/unnamed-chunk-61-1.pdf>

Overfull \hbox (69.75pt too wide) in paragraph at lines 1686--1686
[]\TU/lmtt/m/n/10 ##  $ data  : num [1:200, 1:5] 8.1 8.8 9.2 9.6 9.8 10.8 11.1 11.6 11.8 11.8 ...[] 
 []



[57]
Overfull \vbox (1.22003pt too high) detected at line 1701
 []



[58]
File: _main_files/figure-latex/unnamed-chunk-62-1.pdf Graphic file (type pdf)
<use _main_files/figure-latex/unnamed-chunk-62-1.pdf>


[59]

[60

]
Chapter 6.
File: content-files/module-3-lecture.pdf Graphic file (type pdf)
<use content-files/module-3-lecture.pdf>

Underfull \hbox (badness 10000) in paragraph at lines 1709--1710

 []



[61]

[62]
Overfull \hbox (43.5pt too wide) in paragraph at lines 1792--1792
[]\TU/lmtt/m/n/10 ##   Sample_ID Exposure Biomarker_value Exposure_level Biomarker2_detected[] 
 []


Overfull \hbox (43.5pt too wide) in paragraph at lines 1792--1792
[]\TU/lmtt/m/n/10 ## 1         A        0              35     0.65405517                   1[] 
 []


Overfull \hbox (43.5pt too wide) in paragraph at lines 1792--1792
[]\TU/lmtt/m/n/10 ## 2         B        0              22     0.67202852                   0[] 
 []


Overfull \hbox (43.5pt too wide) in paragraph at lines 1792--1792
[]\TU/lmtt/m/n/10 ## 3         C        0              91     0.88646372                   1[] 
 []


Overfull \hbox (43.5pt too wide) in paragraph at lines 1792--1792
[]\TU/lmtt/m/n/10 ## 4         D        0               3     0.28433256                   0[] 
 []


Overfull \hbox (43.5pt too wide) in paragraph at lines 1792--1792
[]\TU/lmtt/m/n/10 ## 5         E        1              56     0.04166839                   0[] 
 []


Overfull \hbox (43.5pt too wide) in paragraph at lines 1792--1792
[]\TU/lmtt/m/n/10 ## 6         F        1              37     0.45263534                   1[] 
 []


Overfull \hbox (69.75pt too wide) in paragraph at lines 1845--1845
[]\TU/lmtt/m/n/10 ##                                                  Name    Sex Age SibSp Parch[] 
 []


Overfull \hbox (69.75pt too wide) in paragraph at lines 1845--1845
[]\TU/lmtt/m/n/10 ## 1                             Braund, Mr. Owen Harris   male  22     1     0[] 
 []


Overfull \hbox (69.75pt too wide) in paragraph at lines 1845--1845
[]\TU/lmtt/m/n/10 ## 2 Cumings, Mrs. John Bradley (Florence Briggs Thayer) female  38     1     0[] 
 []


Overfull \hbox (69.75pt too wide) in paragraph at lines 1845--1845
[]\TU/lmtt/m/n/10 ## 3                              Heikkinen, Miss. Laina female  26     0     0[] 
 []


Overfull \hbox (69.75pt too wide) in paragraph at lines 1845--1845
[]\TU/lmtt/m/n/10 ## 4        Futrelle, Mrs. Jacques Heath (Lily May Peel) female  35     1     0[] 
 []


Overfull \hbox (69.75pt too wide) in paragraph at lines 1845--1845
[]\TU/lmtt/m/n/10 ## 5                            Allen, Mr. William Henry   male  35     0     0[] 
 []


Overfull \hbox (69.75pt too wide) in paragraph at lines 1845--1845
[]\TU/lmtt/m/n/10 ## 6                                    Moran, Mr. James   male  NA     0     0[] 
 []



[63]

[64]
File: _main_files/figure-latex/unnamed-chunk-71-1.pdf Graphic file (type pdf)
<use _main_files/figure-latex/unnamed-chunk-71-1.pdf>

Underfull \vbox (badness 10000) has occurred while \output is active []



[65]
Overfull \hbox (43.5pt too wide) in paragraph at lines 1946--1946
[]\TU/lmtt/m/n/10 ## PassengerId    Survived      Pclass        Name         Sex         Age[] 
 []


Overfull \hbox (43.5pt too wide) in paragraph at lines 1946--1946
[]\TU/lmtt/m/n/10 ##           0           0           0           0           0         177[] 
 []


Overfull \hbox (43.5pt too wide) in paragraph at lines 1946--1946
[]\TU/lmtt/m/n/10 ##       SibSp       Parch      Ticket        Fare       Cabin    Embarked[] 
 []


Overfull \hbox (43.5pt too wide) in paragraph at lines 1946--1946
[]\TU/lmtt/m/n/10 ##           0           0           0           0           0           0[] 
 []



[66]
Overfull \hbox (69.75pt too wide) in paragraph at lines 1979--1979
[]\TU/lmtt/m/n/10 ##            Population Income Illiteracy Life Exp Murder HS Grad Frost   Area[] 
 []


Overfull \hbox (69.75pt too wide) in paragraph at lines 1979--1979
[]\TU/lmtt/m/n/10 ## Alabama          3615   3624        2.1    69.05   15.1    41.3    20  50708[] 
 []


Overfull \hbox (69.75pt too wide) in paragraph at lines 1979--1979
[]\TU/lmtt/m/n/10 ## Alaska            365   6315        1.5    69.31   11.3    66.7   152 566432[] 
 []


Overfull \hbox (69.75pt too wide) in paragraph at lines 1979--1979
[]\TU/lmtt/m/n/10 ## Arizona          2212   4530        1.8    70.55    7.8    58.1    15 113417[] 
 []


Overfull \hbox (69.75pt too wide) in paragraph at lines 1979--1979
[]\TU/lmtt/m/n/10 ## Arkansas         2110   3378        1.9    70.66   10.1    39.9    65  51945[] 
 []


Overfull \hbox (69.75pt too wide) in paragraph at lines 1979--1979
[]\TU/lmtt/m/n/10 ## California      21198   5114        1.1    71.71   10.3    62.6    20 156361[] 
 []


Overfull \hbox (69.75pt too wide) in paragraph at lines 1979--1979
[]\TU/lmtt/m/n/10 ## Colorado         2541   4884        0.7    72.06    6.8    63.9   166 103766[] 
 []

File: _main_files/figure-latex/load-states-data-1.pdf Graphic file (type pdf)
<use _main_files/figure-latex/load-states-data-1.pdf>

Underfull \vbox (badness 10000) has occurred while \output is active []



[67]
File: _main_files/figure-latex/states-geomsmooth-1.pdf Graphic file (type pdf)
<use _main_files/figure-latex/states-geomsmooth-1.pdf>

Underfull \vbox (badness 10000) has occurred while \output is active []



[68]

[69]
File: _main_files/figure-latex/boxplot-1.pdf Graphic file (type pdf)
<use _main_files/figure-latex/boxplot-1.pdf>
File: _main_files/figure-latex/barplot-1.pdf Graphic file (type pdf)
<use _main_files/figure-latex/barplot-1.pdf>

Underfull \vbox (badness 10000) has occurred while \output is active []



[70]
File: _main_files/figure-latex/barplot2 -1.pdf Graphic file (type pdf)
<use _main_files/figure-latex/barplot2 -1.pdf>

Underfull \vbox (badness 10000) has occurred while \output is active []



[71]
File: _main_files/figure-latex/finish-titanic-1.pdf Graphic file (type pdf)
<use _main_files/figure-latex/finish-titanic-1.pdf>

Underfull \vbox (badness 10000) has occurred while \output is active []



[72]
Overfull \hbox (38.25pt too wide) in paragraph at lines 2130--2130
[]\TU/lmtt/m/n/10 ##   pregnant glucose pressure triceps insulin mass pedigree age diabetes[] 
 []


Overfull \hbox (38.25pt too wide) in paragraph at lines 2130--2130
[]\TU/lmtt/m/n/10 ## 1        6     148       72      35      NA 33.6    0.627  50      pos[] 
 []


Overfull \hbox (38.25pt too wide) in paragraph at lines 2130--2130
[]\TU/lmtt/m/n/10 ## 2        1      85       66      29      NA 26.6    0.351  31      neg[] 
 []


Overfull \hbox (38.25pt too wide) in paragraph at lines 2130--2130
[]\TU/lmtt/m/n/10 ## 3        8     183       64      NA      NA 23.3    0.672  32      pos[] 
 []


Overfull \hbox (38.25pt too wide) in paragraph at lines 2130--2130
[]\TU/lmtt/m/n/10 ## 4        1      89       66      23      94 28.1    0.167  21      neg[] 
 []


Overfull \hbox (38.25pt too wide) in paragraph at lines 2130--2130
[]\TU/lmtt/m/n/10 ## 5        0     137       40      35     168 43.1    2.288  33      pos[] 
 []


Overfull \hbox (38.25pt too wide) in paragraph at lines 2130--2130
[]\TU/lmtt/m/n/10 ## 6        5     116       74      NA      NA 25.6    0.201  30      neg[] 
 []



[73]
Overfull \hbox (106.5pt too wide) in paragraph at lines 2146--2146
[]\TU/lmtt/m/n/10 ## Warning: Removed 5 rows containing missing values or values outside the scale range[] 
 []

File: _main_files/figure-latex/plot-diabetes-vs-glucose-1.pdf Graphic file (type pdf)
<use _main_files/figure-latex/plot-diabetes-vs-glucose-1.pdf>

Overfull \hbox (33.0pt too wide) in paragraph at lines 2164--2164
[]\TU/lmtt/m/n/10 ## Warning: Removed 5 rows containing non-finite outside the scale range[] 
 []


Overfull \hbox (106.5pt too wide) in paragraph at lines 2169--2169
[]\TU/lmtt/m/n/10 ## Warning: Removed 5 rows containing missing values or values outside the scale range[] 
 []

File: _main_files/figure-latex/unnamed-chunk-73-1.pdf Graphic file (type pdf)
<use _main_files/figure-latex/unnamed-chunk-73-1.pdf>


[74]

[75]
Overfull \hbox (38.25pt too wide) in paragraph at lines 2248--2248
[]\TU/lmtt/m/n/10 ## glm(formula = factor(diabetes) ~ glucose + pregnant + age + pressure +[] 
 []


! LaTeX Error: Environment rmd-caution undefined.

See the LaTeX manual or LaTeX Companion for explanation.
Type  H <return>  for immediate help.
 ...                                              
                                                  
l.2250 \begin{rmd-caution}
                          
Your command was ignored.
Type  I <command> <return>  to replace it with another command,
or  <return>  to continue without it.

 
Here is how much of TeX's memory you used:
 17763 strings out of 472265
 333929 string characters out of 5529237
 854954 words of memory out of 5000000
 44017 multiletter control sequences out of 15000+600000
 633308 words of font info for 97 fonts, out of 8000000 for 9000
 14 hyphenation exceptions out of 8191
 90i,7n,114p,525b,494s stack positions out of 10000i,1000n,20000p,200000b,200000s
Output written on _main.pdf (75 pages).
